<?xml version="1.0" encoding="UTF-8"?>
<!-- Generated by org.testng.reporters.JUnitXMLReporter -->
<testsuite ignored="0" hostname="LAPTOP-41AUL2CN" failures="0" tests="3" name="Default test" time="0.043" errors="0" timestamp="2021-07-11T13:54:35 EET">
  <testcase classname="test.TESTBASE" name="@BeforeSuite STARTDRIVER" time="-1.626004475165E9">
    <failure type="org.testng.TestNGException" message="
Parameter &amp;apos;browser&amp;apos; is required by BeforeSuite on method STARTDRIVER but has not been marked @Optional or defined
in C:\Users\96656\AppData\Local\Temp\testng-eclipse--1324910823\testng-customsuite.xml">
      <![CDATA[org.testng.TestNGException: 
Parameter 'browser' is required by BeforeSuite on method STARTDRIVER but has not been marked @Optional or defined
in C:\Users\96656\AppData\Local\Temp\testng-eclipse--1324910823\testng-customsuite.xml
at org.testng.internal.Parameters.createParams(Parameters.java:270)
at org.testng.internal.Parameters.createParametersForMethod(Parameters.java:358)
at org.testng.internal.Parameters.createParameters(Parameters.java:700)
at org.testng.internal.Parameters.createConfigurationParameters(Parameters.java:168)
at org.testng.internal.ConfigInvoker.invokeConfigurations(ConfigInvoker.java:302)
at org.testng.SuiteRunner.privateRun(SuiteRunner.java:317)
at org.testng.SuiteRunner.run(SuiteRunner.java:276)
at org.testng.SuiteRunnerWorker.runSuite(SuiteRunnerWorker.java:53)
at org.testng.SuiteRunnerWorker.run(SuiteRunnerWorker.java:96)
at org.testng.TestNG.runSuitesSequentially(TestNG.java:1212)
at org.testng.TestNG.runSuitesLocally(TestNG.java:1134)
at org.testng.TestNG.runSuites(TestNG.java:1063)
at org.testng.TestNG.run(TestNG.java:1031)
at org.testng.remote.AbstractRemoteTestNG.run(AbstractRemoteTestNG.java:115)
at org.testng.remote.RemoteTestNG.initAndRun(RemoteTestNG.java:251)
at org.testng.remote.RemoteTestNG.main(RemoteTestNG.java:77)
]]>
    </failure>
  </testcase> <!-- @BeforeSuite STARTDRIVER -->
  <testcase classname="test.USERREGISTERTEST" name="UsercanREGISERSUCCEFLLY" time="0.0">
    <skipped/>
  </testcase> <!-- UsercanREGISERSUCCEFLLY -->
  <testcase classname="test.USERREGISTERTEST" name="Getout" time="0.0">
    <skipped/>
  </testcase> <!-- Getout -->
  <testcase classname="test.USERREGISTERTEST" name="RegiserUserCanLogin" time="0.0">
    <skipped/>
  </testcase> <!-- RegiserUserCanLogin -->
</testsuite> <!-- Default test -->
