<?xml version="1.0" encoding="UTF-8"?>
<!-- Generated by org.testng.reporters.JUnitReportReporter -->
<testsuite hostname="LAPTOP-41AUL2CN" failures="0" tests="3" name="test.DDTDATAPROVIDER" time="-1625967104.000" errors="1" timestamp="2021-07-11T03:31:46 EET" skipped="2">
  <testcase classname="test.DDTDATAPROVIDER" name="STARTDRIVER" time="-1625967104.000">
    <error message="
Parameter &#039;browser&#039; is required by BeforeSuite on method STARTDRIVER but has not been marked @Optional or defined
in C:\Users\96656\AppData\Local\Temp\testng-eclipse-140259329\testng-customsuite.xml" type="org.testng.TestNGException">
      <![CDATA[org.testng.TestNGException: 
Parameter 'browser' is required by BeforeSuite on method STARTDRIVER but has not been marked @Optional or defined
in C:\Users\96656\AppData\Local\Temp\testng-eclipse-140259329\testng-customsuite.xml
at org.testng.internal.Parameters.createParams(Parameters.java:270)
at org.testng.internal.Parameters.createParametersForMethod(Parameters.java:358)
at org.testng.internal.Parameters.createParameters(Parameters.java:700)
at org.testng.internal.Parameters.createConfigurationParameters(Parameters.java:168)
at org.testng.internal.ConfigInvoker.invokeConfigurations(ConfigInvoker.java:302)
at org.testng.SuiteRunner.privateRun(SuiteRunner.java:317)
at org.testng.SuiteRunner.run(SuiteRunner.java:276)
at org.testng.SuiteRunnerWorker.runSuite(SuiteRunnerWorker.java:53)
at org.testng.SuiteRunnerWorker.run(SuiteRunnerWorker.java:96)
at org.testng.TestNG.runSuitesSequentially(TestNG.java:1212)
at org.testng.TestNG.runSuitesLocally(TestNG.java:1134)
at org.testng.TestNG.runSuites(TestNG.java:1063)
at org.testng.TestNG.run(TestNG.java:1031)
at org.testng.remote.AbstractRemoteTestNG.run(AbstractRemoteTestNG.java:115)
at org.testng.remote.RemoteTestNG.initAndRun(RemoteTestNG.java:251)
at org.testng.remote.RemoteTestNG.main(RemoteTestNG.java:77)
]]>
    </error>
  </testcase> <!-- STARTDRIVER -->
  <system-out/>
  <testcase classname="test.DDTDATAPROVIDER" name="UsercanREGISERSUCCEFLLY" time="0.000">
    <skipped/>
  </testcase> <!-- UsercanREGISERSUCCEFLLY -->
  <system-out/>
  <testcase classname="test.DDTDATAPROVIDER" name="UsercanREGISERSUCCEFLLY" time="0.000">
    <skipped/>
  </testcase> <!-- UsercanREGISERSUCCEFLLY -->
  <system-out/>
</testsuite> <!-- test.DDTDATAPROVIDER -->
